e:\dev-cpp\source\16.函数\16.函数的嵌套调用和链式访问\16.函数的嵌套调用和链式访问\x64\debug\vc143.pdb
e:\dev-cpp\source\16.函数\16.函数的嵌套调用和链式访问\16.函数的嵌套调用和链式访问\x64\debug\vc143.idb
e:\dev-cpp\source\16.函数\16.函数的嵌套调用和链式访问\16.函数的嵌套调用和链式访问\x64\debug\add.obj
e:\dev-cpp\source\16.函数\16.函数的嵌套调用和链式访问\16.函数的嵌套调用和链式访问\x64\debug\16.函数的嵌套调用和链式访问.obj
e:\dev-cpp\source\16.函数\16.函数的嵌套调用和链式访问\16.函数的嵌套调用和链式访问\x64\debug\reduce.obj
e:\dev-cpp\source\16.函数\16.函数的嵌套调用和链式访问\16.函数的嵌套调用和链式访问\x64\debug\multiply.obj
e:\dev-cpp\source\16.函数\16.函数的嵌套调用和链式访问\16.函数的嵌套调用和链式访问\x64\debug\divide.obj
e:\dev-cpp\source\16.函数\16.函数的嵌套调用和链式访问\16.函数的嵌套调用和链式访问\x64\debug\subtract.obj
e:\dev-cpp\source\16.函数\16.函数的嵌套调用和链式访问\x64\debug\16.函数的嵌套调用和链式访问.exe
e:\dev-cpp\source\16.函数\16.函数的嵌套调用和链式访问\16.函数的嵌套调用和链式访问\x64\debug\16.函数的嵌套调用和链式访问.ilk
e:\dev-cpp\source\16.函数\16.函数的嵌套调用和链式访问\x64\debug\16.函数的嵌套调用和链式访问.pdb
e:\dev-cpp\source\16.函数\16.函数的嵌套调用和链式访问\16.函数的嵌套调用和链式访问\x64\debug\16.函数的嵌套调用和链式访问.tlog\cl.command.1.tlog
e:\dev-cpp\source\16.函数\16.函数的嵌套调用和链式访问\16.函数的嵌套调用和链式访问\x64\debug\16.函数的嵌套调用和链式访问.tlog\cl.read.1.tlog
e:\dev-cpp\source\16.函数\16.函数的嵌套调用和链式访问\16.函数的嵌套调用和链式访问\x64\debug\16.函数的嵌套调用和链式访问.tlog\cl.write.1.tlog
e:\dev-cpp\source\16.函数\16.函数的嵌套调用和链式访问\16.函数的嵌套调用和链式访问\x64\debug\16.函数的嵌套调用和链式访问.tlog\link.33288-cvtres.read.1.tlog
e:\dev-cpp\source\16.函数\16.函数的嵌套调用和链式访问\16.函数的嵌套调用和链式访问\x64\debug\16.函数的嵌套调用和链式访问.tlog\link.33288-cvtres.write.1.tlog
e:\dev-cpp\source\16.函数\16.函数的嵌套调用和链式访问\16.函数的嵌套调用和链式访问\x64\debug\16.函数的嵌套调用和链式访问.tlog\link.33288-rc.read.1.tlog
e:\dev-cpp\source\16.函数\16.函数的嵌套调用和链式访问\16.函数的嵌套调用和链式访问\x64\debug\16.函数的嵌套调用和链式访问.tlog\link.33288-rc.write.1.tlog
e:\dev-cpp\source\16.函数\16.函数的嵌套调用和链式访问\16.函数的嵌套调用和链式访问\x64\debug\16.函数的嵌套调用和链式访问.tlog\link.33288.read.1.tlog
e:\dev-cpp\source\16.函数\16.函数的嵌套调用和链式访问\16.函数的嵌套调用和链式访问\x64\debug\16.函数的嵌套调用和链式访问.tlog\link.33288.read.2.tlog
e:\dev-cpp\source\16.函数\16.函数的嵌套调用和链式访问\16.函数的嵌套调用和链式访问\x64\debug\16.函数的嵌套调用和链式访问.tlog\link.33288.write.1.tlog
e:\dev-cpp\source\16.函数\16.函数的嵌套调用和链式访问\16.函数的嵌套调用和链式访问\x64\debug\16.函数的嵌套调用和链式访问.tlog\link.command.1.tlog
e:\dev-cpp\source\16.函数\16.函数的嵌套调用和链式访问\16.函数的嵌套调用和链式访问\x64\debug\16.函数的嵌套调用和链式访问.tlog\link.read.1.tlog
e:\dev-cpp\source\16.函数\16.函数的嵌套调用和链式访问\16.函数的嵌套调用和链式访问\x64\debug\16.函数的嵌套调用和链式访问.tlog\link.write.1.tlog
